<?xml version="1.0" encoding="UTF-8"?>
<testng-results ignored="0" total="1" passed="1" failed="0" skipped="0">
  <reporter-output>
  </reporter-output>
  <suite started-at="2024-04-20T16:48:35Z" name="Default suite" finished-at="2024-04-20T16:48:38Z" duration-ms="2279">
    <groups>
    </groups>
    <test started-at="2024-04-20T16:48:35Z" name="Default test" finished-at="2024-04-20T16:48:38Z" duration-ms="2279">
      <class name="pruebang.selTest">
        <test-method signature="test01()[pri:0, instance:pruebang.selTest@19e4653c]" started-at="2024-04-20T09:48:35Z" name="test01" finished-at="2024-04-20T09:48:38Z" duration-ms="2265" status="PASS">
          <reporter-output>
          </reporter-output>
        </test-method> <!-- test01 -->
      </class> <!-- pruebang.selTest -->
    </test> <!-- Default test -->
  </suite> <!-- Default suite -->
</testng-results>
